CRITICAL - 2025-10-01 14:11:29 --> array_column() expects parameter 1 to be array, null given
in APPPATH/Controllers/Pgateway_control.php on line 56.
 1 [internal function]: CodeIgniter\Debug\Exceptions->errorHandler()
 2 APPPATH/Controllers/Pgateway_control.php(56): array_column()
 3 SYSTEMPATH/CodeIgniter.php(898): App\Controllers\Pgateway_control->paymentGatewayList()
 4 SYSTEMPATH/CodeIgniter.php(457): CodeIgniter\CodeIgniter->runController()
 5 SYSTEMPATH/CodeIgniter.php(340): CodeIgniter\CodeIgniter->handleRequest()
 6 FCPATH/index.php(67): CodeIgniter\CodeIgniter->run()
CRITICAL - 2025-10-01 14:11:39 --> array_column() expects parameter 1 to be array, null given
in APPPATH/Controllers/Pgateway_control.php on line 56.
 1 [internal function]: CodeIgniter\Debug\Exceptions->errorHandler()
 2 APPPATH/Controllers/Pgateway_control.php(56): array_column()
 3 SYSTEMPATH/CodeIgniter.php(898): App\Controllers\Pgateway_control->paymentGatewayList()
 4 SYSTEMPATH/CodeIgniter.php(457): CodeIgniter\CodeIgniter->runController()
 5 SYSTEMPATH/CodeIgniter.php(340): CodeIgniter\CodeIgniter->handleRequest()
 6 FCPATH/index.php(67): CodeIgniter\CodeIgniter->run()
CRITICAL - 2025-10-01 14:11:46 --> array_column() expects parameter 1 to be array, null given
in APPPATH/Controllers/Pgateway_control.php on line 56.
 1 [internal function]: CodeIgniter\Debug\Exceptions->errorHandler()
 2 APPPATH/Controllers/Pgateway_control.php(56): array_column()
 3 SYSTEMPATH/CodeIgniter.php(898): App\Controllers\Pgateway_control->paymentGatewayList()
 4 SYSTEMPATH/CodeIgniter.php(457): CodeIgniter\CodeIgniter->runController()
 5 SYSTEMPATH/CodeIgniter.php(340): CodeIgniter\CodeIgniter->handleRequest()
 6 FCPATH/index.php(67): CodeIgniter\CodeIgniter->run()
CRITICAL - 2025-10-01 14:12:52 --> array_column() expects parameter 1 to be array, null given
in APPPATH/Controllers/Game_control.php on line 1172.
 1 [internal function]: CodeIgniter\Debug\Exceptions->errorHandler()
 2 APPPATH/Controllers/Game_control.php(1172): array_column()
 3 SYSTEMPATH/CodeIgniter.php(898): App\Controllers\Game_control->slotList()
 4 SYSTEMPATH/CodeIgniter.php(457): CodeIgniter\CodeIgniter->runController()
 5 SYSTEMPATH/CodeIgniter.php(340): CodeIgniter\CodeIgniter->handleRequest()
 6 FCPATH/index.php(67): CodeIgniter\CodeIgniter->run()
CRITICAL - 2025-10-01 14:38:28 --> array_column() expects parameter 1 to be array, null given
in APPPATH/Controllers/Game_control.php on line 1172.
 1 [internal function]: CodeIgniter\Debug\Exceptions->errorHandler()
 2 APPPATH/Controllers/Game_control.php(1172): array_column()
 3 SYSTEMPATH/CodeIgniter.php(898): App\Controllers\Game_control->slotList()
 4 SYSTEMPATH/CodeIgniter.php(457): CodeIgniter\CodeIgniter->runController()
 5 SYSTEMPATH/CodeIgniter.php(340): CodeIgniter\CodeIgniter->handleRequest()
 6 FCPATH/index.php(67): CodeIgniter\CodeIgniter->run()
