CRITICAL - 2025-07-24 16:41:02 --> Undefined index: data
in APPPATH/Controllers/Game_control.php on line 1032.
 1 APPPATH/Controllers/Game_control.php(1032): CodeIgniter\Debug\Exceptions->errorHandler()
 2 SYSTEMPATH/CodeIgniter.php(898): App\Controllers\Game_control->slotList()
 3 SYSTEMPATH/CodeIgniter.php(457): CodeIgniter\CodeIgniter->runController()
 4 SYSTEMPATH/CodeIgniter.php(340): CodeIgniter\CodeIgniter->handleRequest()
 5 FCPATH/index.php(67): CodeIgniter\CodeIgniter->run()
CRITICAL - 2025-07-24 16:41:02 --> filesize(): stat failed for /var/www/staging-frontend-cg/vw2fn-hao/public_html/writable/session/ci_sessionucuelfkg9ad77usmm2rfuljbqbe8b91o
in SYSTEMPATH/Session/Handlers/FileHandler.php on line 161.
 1 [internal function]: CodeIgniter\Debug\Exceptions->errorHandler()
 2 SYSTEMPATH/Session/Handlers/FileHandler.php(161): filesize()
 3 [internal function]: CodeIgniter\Session\Handlers\FileHandler->read()
 4 SYSTEMPATH/Session/Session.php(918): session_start()
 5 SYSTEMPATH/Session/Session.php(240): CodeIgniter\Session\Session->startSession()
 6 SYSTEMPATH/Config/Services.php(665): CodeIgniter\Session\Session->start()
 7 SYSTEMPATH/Config/BaseService.php(253): CodeIgniter\Config\Services::session()
 8 SYSTEMPATH/Config/BaseService.php(194): CodeIgniter\Config\BaseService::__callStatic()
 9 SYSTEMPATH/Config/Services.php(637): CodeIgniter\Config\BaseService::getSharedInstance()
10 SYSTEMPATH/Config/BaseService.php(253): CodeIgniter\Config\Services::session()
11 SYSTEMPATH/Common.php(934): CodeIgniter\Config\BaseService::__callStatic()
12 APPPATH/Filters/Auth.php(12): session()
13 SYSTEMPATH/Filters/Filters.php(173): App\Filters\Auth->before()
14 SYSTEMPATH/CodeIgniter.php(431): CodeIgniter\Filters\Filters->run()
15 SYSTEMPATH/CodeIgniter.php(340): CodeIgniter\CodeIgniter->handleRequest()
16 FCPATH/index.php(67): CodeIgniter\CodeIgniter->run()
CRITICAL - 2025-07-24 17:33:47 --> Undefined index: data
in APPPATH/Controllers/Game_control.php on line 1032.
 1 APPPATH/Controllers/Game_control.php(1032): CodeIgniter\Debug\Exceptions->errorHandler()
 2 SYSTEMPATH/CodeIgniter.php(898): App\Controllers\Game_control->slotList()
 3 SYSTEMPATH/CodeIgniter.php(457): CodeIgniter\CodeIgniter->runController()
 4 SYSTEMPATH/CodeIgniter.php(340): CodeIgniter\CodeIgniter->handleRequest()
 5 FCPATH/index.php(67): CodeIgniter\CodeIgniter->run()
